[
  {
    "line": 1,
    "elements": [
      {
        "start_timestamp": "2024-02-02T10:35:22.564Z",
        "line": 14,
        "name": "Invalid_login- To validate the login functionality with invalid credentials",
        "description": "",
        "id": "to-validate-the-login-functionality-of-bigw-application;invalid-login--to-validate-the-login-functionality-with-invalid-credentials;;2",
        "after": [
          {
            "result": {
              "duration": 2070671800,
              "status": "passed"
            },
            "match": {
              "location": "HooksClass.afterScenario(Scenario)"
            }
          }
        ],
        "type": "scenario",
        "keyword": "Scenario Outline",
        "steps": [
          {
            "result": {
              "duration": 58274309400,
              "status": "passed"
            },
            "line": 5,
            "name": "The user should be in bigw login",
            "match": {
              "location": "LoginStep.the_user_should_be_in_bigw_login()"
            },
            "keyword": "Given "
          },
          {
            "result": {
              "duration": 4451926800,
              "status": "passed"
            },
            "line": 6,
            "name": "The user has to click account button",
            "match": {
              "location": "LoginStep.the_user_has_to_click_account_button()"
            },
            "keyword": "When "
          },
          {
            "result": {
              "duration": 1016050800,
              "status": "passed"
            },
            "line": 7,
            "name": "The user has to enter the \"suganya@gmail.com\" and \"2455678\"",
            "match": {
              "arguments": [
                {
                  "val": "\"suganya@gmail.com\"",
                  "offset": 26
                },
                {
                  "val": "\"2455678\"",
                  "offset": 50
                }
              ],
              "location": "LoginStep.the_user_has_to_enter_the_and(String,String)"
            },
            "keyword": "And "
          },
          {
            "result": {
              "error_message": "org.openqa.selenium.NoSuchElementException: no such element: Unable to locate element: {\"method\":\"xpath\",\"selector\":\"(//button[text()\u003d\u0027Continue\u0027])[2]\"}\n  (Session info: chrome\u003d120.0.6099.225)\nFor documentation on this error, please visit: https://www.seleniumhq.org/exceptions/no_such_element.html\nBuild info: version: \u00273.141.59\u0027, revision: \u0027e82be7d358\u0027, time: \u00272018-11-14T08:17:03\u0027\nSystem info: host: \u0027DESKTOP-V1TVAK6\u0027, ip: \u0027192.168.0.147\u0027, os.name: \u0027Windows 10\u0027, os.arch: \u0027amd64\u0027, os.version: \u002710.0\u0027, java.version: \u00271.8.0_361\u0027\nDriver info: org.openqa.selenium.chrome.ChromeDriver\nCapabilities {acceptInsecureCerts: false, browserName: chrome, browserVersion: 120.0.6099.225, chrome: {chromedriverVersion: 120.0.6099.109 (3419140ab66..., userDataDir: C:\\Users\\ACER\\AppData\\Local...}, fedcm:accounts: true, goog:chromeOptions: {debuggerAddress: localhost:49956}, javascriptEnabled: true, networkConnectionEnabled: false, pageLoadStrategy: normal, platform: WINDOWS, platformName: WINDOWS, proxy: Proxy(), setWindowRect: true, strictFileInteractability: false, timeouts: {implicit: 0, pageLoad: 300000, script: 30000}, unhandledPromptBehavior: dismiss and notify, webauthn:extension:credBlob: true, webauthn:extension:largeBlob: true, webauthn:extension:minPinLength: true, webauthn:extension:prf: true, webauthn:virtualAuthenticators: true}\nSession ID: e530c8149ef2800e2d0b2fa8d1407edb\n*** Element info: {Using\u003dxpath, value\u003d(//button[text()\u003d\u0027Continue\u0027])[2]}\r\n\tat sun.reflect.NativeConstructorAccessorImpl.newInstance0(Native Method)\r\n\tat sun.reflect.NativeConstructorAccessorImpl.newInstance(NativeConstructorAccessorImpl.java:62)\r\n\tat sun.reflect.DelegatingConstructorAccessorImpl.newInstance(DelegatingConstructorAccessorImpl.java:45)\r\n\tat java.lang.reflect.Constructor.newInstance(Constructor.java:423)\r\n\tat org.openqa.selenium.remote.http.W3CHttpResponseCodec.createException(W3CHttpResponseCodec.java:187)\r\n\tat org.openqa.selenium.remote.http.W3CHttpResponseCodec.decode(W3CHttpResponseCodec.java:122)\r\n\tat org.openqa.selenium.remote.http.W3CHttpResponseCodec.decode(W3CHttpResponseCodec.java:49)\r\n\tat org.openqa.selenium.remote.HttpCommandExecutor.execute(HttpCommandExecutor.java:158)\r\n\tat org.openqa.selenium.remote.service.DriverCommandExecutor.execute(DriverCommandExecutor.java:83)\r\n\tat org.openqa.selenium.remote.RemoteWebDriver.execute(RemoteWebDriver.java:552)\r\n\tat org.openqa.selenium.remote.RemoteWebDriver.findElement(RemoteWebDriver.java:323)\r\n\tat org.openqa.selenium.remote.RemoteWebDriver.findElementByXPath(RemoteWebDriver.java:428)\r\n\tat org.openqa.selenium.By$ByXPath.findElement(By.java:353)\r\n\tat org.openqa.selenium.remote.RemoteWebDriver.findElement(RemoteWebDriver.java:315)\r\n\tat org.openqa.selenium.support.pagefactory.DefaultElementLocator.findElement(DefaultElementLocator.java:69)\r\n\tat org.openqa.selenium.support.pagefactory.internal.LocatingElementHandler.invoke(LocatingElementHandler.java:38)\r\n\tat com.sun.proxy.$Proxy17.click(Unknown Source)\r\n\tat org.base.BaseClass.click(BaseClass.java:125)\r\n\tat org.stepdefinition.LoginStep.the_user_has_to_click_button(LoginStep.java:39)\r\n\tat ✽.The user has to click \"login\" button(file:src/test/resources/feature/login.feature:8)\r\n",
              "duration": 20301186400,
              "status": "failed"
            },
            "line": 8,
            "name": "The user has to click \"login\" button",
            "match": {
              "arguments": [
                {
                  "val": "\"login\"",
                  "offset": 22
                }
              ],
              "location": "LoginStep.the_user_has_to_click_button(String)"
            },
            "keyword": "And "
          },
          {
            "result": {
              "duration": 1781200,
              "status": "skipped"
            },
            "line": 9,
            "name": "The user should navigate to the invalid login page",
            "match": {
              "location": "LoginStep.the_user_should_navigate_to_the_invalid_login_page()"
            },
            "keyword": "Then "
          }
        ],
        "tags": [
          {
            "name": "@smoke"
          },
          {
            "name": "@retest"
          }
        ]
      },
      {
        "start_timestamp": "2024-02-02T10:36:49.224Z",
        "line": 27,
        "name": "Valid_login- To validate the login functionality with valid credentials",
        "description": "",
        "id": "to-validate-the-login-functionality-of-bigw-application;valid-login--to-validate-the-login-functionality-with-valid-credentials;;2",
        "after": [
          {
            "result": {
              "duration": 2062626000,
              "status": "passed"
            },
            "match": {
              "location": "HooksClass.afterScenario(Scenario)"
            }
          }
        ],
        "type": "scenario",
        "keyword": "Scenario Outline",
        "steps": [
          {
            "result": {
              "duration": 25167897900,
              "status": "passed"
            },
            "line": 18,
            "name": "The user should be in bigw login",
            "match": {
              "location": "LoginStep.the_user_should_be_in_bigw_login()"
            },
            "keyword": "Given "
          },
          {
            "result": {
              "duration": 3378111000,
              "status": "passed"
            },
            "line": 19,
            "name": "The user has to click account button",
            "match": {
              "location": "LoginStep.the_user_has_to_click_account_button()"
            },
            "keyword": "When "
          },
          {
            "result": {
              "duration": 777121200,
              "status": "passed"
            },
            "line": 20,
            "name": "The user has to enter the \"kathir@gmail.com\" and \"6765379\"",
            "match": {
              "arguments": [
                {
                  "val": "\"kathir@gmail.com\"",
                  "offset": 26
                },
                {
                  "val": "\"6765379\"",
                  "offset": 49
                }
              ],
              "location": "LoginStep.the_user_has_to_enter_the_and(String,String)"
            },
            "keyword": "And "
          },
          {
            "result": {
              "error_message": "org.openqa.selenium.NoSuchElementException: no such element: Unable to locate element: {\"method\":\"xpath\",\"selector\":\"(//button[text()\u003d\u0027Continue\u0027])[2]\"}\n  (Session info: chrome\u003d120.0.6099.225)\nFor documentation on this error, please visit: https://www.seleniumhq.org/exceptions/no_such_element.html\nBuild info: version: \u00273.141.59\u0027, revision: \u0027e82be7d358\u0027, time: \u00272018-11-14T08:17:03\u0027\nSystem info: host: \u0027DESKTOP-V1TVAK6\u0027, ip: \u0027192.168.0.147\u0027, os.name: \u0027Windows 10\u0027, os.arch: \u0027amd64\u0027, os.version: \u002710.0\u0027, java.version: \u00271.8.0_361\u0027\nDriver info: org.openqa.selenium.chrome.ChromeDriver\nCapabilities {acceptInsecureCerts: false, browserName: chrome, browserVersion: 120.0.6099.225, chrome: {chromedriverVersion: 120.0.6099.109 (3419140ab66..., userDataDir: C:\\Users\\ACER\\AppData\\Local...}, fedcm:accounts: true, goog:chromeOptions: {debuggerAddress: localhost:50023}, javascriptEnabled: true, networkConnectionEnabled: false, pageLoadStrategy: normal, platform: WINDOWS, platformName: WINDOWS, proxy: Proxy(), setWindowRect: true, strictFileInteractability: false, timeouts: {implicit: 0, pageLoad: 300000, script: 30000}, unhandledPromptBehavior: dismiss and notify, webauthn:extension:credBlob: true, webauthn:extension:largeBlob: true, webauthn:extension:minPinLength: true, webauthn:extension:prf: true, webauthn:virtualAuthenticators: true}\nSession ID: 3dff5405fc52b5bedaf456a60824feb3\n*** Element info: {Using\u003dxpath, value\u003d(//button[text()\u003d\u0027Continue\u0027])[2]}\r\n\tat sun.reflect.NativeConstructorAccessorImpl.newInstance0(Native Method)\r\n\tat sun.reflect.NativeConstructorAccessorImpl.newInstance(NativeConstructorAccessorImpl.java:62)\r\n\tat sun.reflect.DelegatingConstructorAccessorImpl.newInstance(DelegatingConstructorAccessorImpl.java:45)\r\n\tat java.lang.reflect.Constructor.newInstance(Constructor.java:423)\r\n\tat org.openqa.selenium.remote.http.W3CHttpResponseCodec.createException(W3CHttpResponseCodec.java:187)\r\n\tat org.openqa.selenium.remote.http.W3CHttpResponseCodec.decode(W3CHttpResponseCodec.java:122)\r\n\tat org.openqa.selenium.remote.http.W3CHttpResponseCodec.decode(W3CHttpResponseCodec.java:49)\r\n\tat org.openqa.selenium.remote.HttpCommandExecutor.execute(HttpCommandExecutor.java:158)\r\n\tat org.openqa.selenium.remote.service.DriverCommandExecutor.execute(DriverCommandExecutor.java:83)\r\n\tat org.openqa.selenium.remote.RemoteWebDriver.execute(RemoteWebDriver.java:552)\r\n\tat org.openqa.selenium.remote.RemoteWebDriver.findElement(RemoteWebDriver.java:323)\r\n\tat org.openqa.selenium.remote.RemoteWebDriver.findElementByXPath(RemoteWebDriver.java:428)\r\n\tat org.openqa.selenium.By$ByXPath.findElement(By.java:353)\r\n\tat org.openqa.selenium.remote.RemoteWebDriver.findElement(RemoteWebDriver.java:315)\r\n\tat org.openqa.selenium.support.pagefactory.DefaultElementLocator.findElement(DefaultElementLocator.java:69)\r\n\tat org.openqa.selenium.support.pagefactory.internal.LocatingElementHandler.invoke(LocatingElementHandler.java:38)\r\n\tat com.sun.proxy.$Proxy17.click(Unknown Source)\r\n\tat org.base.BaseClass.click(BaseClass.java:125)\r\n\tat org.stepdefinition.LoginStep.the_user_has_to_click_button(LoginStep.java:39)\r\n\tat ✽.The user has to click \"login\" button(file:src/test/resources/feature/login.feature:21)\r\n",
              "duration": 20131497600,
              "status": "failed"
            },
            "line": 21,
            "name": "The user has to click \"login\" button",
            "match": {
              "arguments": [
                {
                  "val": "\"login\"",
                  "offset": 22
                }
              ],
              "location": "LoginStep.the_user_has_to_click_button(String)"
            },
            "keyword": "And "
          },
          {
            "result": {
              "duration": 1961000,
              "status": "skipped"
            },
            "line": 22,
            "name": "The user should navigate to the invalid login page",
            "match": {
              "location": "LoginStep.the_user_should_navigate_to_the_invalid_login_page()"
            },
            "keyword": "Then "
          }
        ],
        "tags": [
          {
            "name": "@sanity"
          },
          {
            "name": "@retest"
          }
        ]
      }
    ],
    "name": "To validate the login functionality of bigw application",
    "description": "",
    "id": "to-validate-the-login-functionality-of-bigw-application",
    "keyword": "Feature",
    "uri": "file:src/test/resources/feature/login.feature",
    "tags": []
  },
  {
    "line": 1,
    "elements": [
      {
        "start_timestamp": "2024-02-02T10:37:40.790Z",
        "line": 4,
        "name": "Invalid_register- To validate the registration functionality of the application",
        "description": "",
        "id": "to-validate-the-register-functionality;invalid-register--to-validate-the-registration-functionality-of-the-application",
        "after": [
          {
            "result": {
              "error_message": "org.openqa.selenium.NoSuchSessionException: Session ID is null. Using WebDriver after calling quit()?\nBuild info: version: \u00273.141.59\u0027, revision: \u0027e82be7d358\u0027, time: \u00272018-11-14T08:17:03\u0027\nSystem info: host: \u0027DESKTOP-V1TVAK6\u0027, ip: \u0027192.168.0.147\u0027, os.name: \u0027Windows 10\u0027, os.arch: \u0027amd64\u0027, os.version: \u002710.0\u0027, java.version: \u00271.8.0_361\u0027\nDriver info: driver.version: RemoteWebDriver\r\n\tat org.openqa.selenium.remote.HttpCommandExecutor.execute(HttpCommandExecutor.java:125)\r\n\tat org.openqa.selenium.remote.service.DriverCommandExecutor.execute(DriverCommandExecutor.java:83)\r\n\tat org.openqa.selenium.remote.RemoteWebDriver.execute(RemoteWebDriver.java:552)\r\n\tat org.openqa.selenium.remote.RemoteWebDriver.execute(RemoteWebDriver.java:609)\r\n\tat org.openqa.selenium.remote.RemoteWebDriver.close(RemoteWebDriver.java:442)\r\n\tat org.base.BaseClass.closeBrowser(BaseClass.java:142)\r\n\tat org.stepdefinition.HooksClass.afterScenario(HooksClass.java:28)\r\n\tat sun.reflect.NativeMethodAccessorImpl.invoke0(Native Method)\r\n\tat sun.reflect.NativeMethodAccessorImpl.invoke(NativeMethodAccessorImpl.java:62)\r\n\tat sun.reflect.DelegatingMethodAccessorImpl.invoke(DelegatingMethodAccessorImpl.java:43)\r\n\tat java.lang.reflect.Method.invoke(Method.java:498)\r\n\tat cucumber.runtime.Utils$1.call(Utils.java:26)\r\n\tat cucumber.runtime.Timeout.timeout(Timeout.java:16)\r\n\tat cucumber.runtime.Utils.invoke(Utils.java:20)\r\n\tat cucumber.runtime.java.JavaHookDefinition.execute(JavaHookDefinition.java:65)\r\n\tat cucumber.runner.HookDefinitionMatch.runStep(HookDefinitionMatch.java:16)\r\n\tat cucumber.runner.TestStep.executeStep(TestStep.java:65)\r\n\tat cucumber.runner.TestStep.run(TestStep.java:50)\r\n\tat cucumber.runner.TestCase.run(TestCase.java:50)\r\n\tat cucumber.runner.Runner.runPickle(Runner.java:50)\r\n\tat io.cucumber.junit.PickleRunners$NoStepDescriptions.run(PickleRunners.java:146)\r\n\tat io.cucumber.junit.FeatureRunner.runChild(FeatureRunner.java:68)\r\n\tat io.cucumber.junit.FeatureRunner.runChild(FeatureRunner.java:23)\r\n\tat org.junit.runners.ParentRunner$3.run(ParentRunner.java:290)\r\n\tat org.junit.runners.ParentRunner$1.schedule(ParentRunner.java:71)\r\n\tat org.junit.runners.ParentRunner.runChildren(ParentRunner.java:288)\r\n\tat org.junit.runners.ParentRunner.access$000(ParentRunner.java:58)\r\n\tat org.junit.runners.ParentRunner$2.evaluate(ParentRunner.java:268)\r\n\tat org.junit.runners.ParentRunner.run(ParentRunner.java:363)\r\n\tat io.cucumber.junit.Cucumber.runChild(Cucumber.java:144)\r\n\tat io.cucumber.junit.Cucumber.runChild(Cucumber.java:65)\r\n\tat org.junit.runners.ParentRunner$3.run(ParentRunner.java:290)\r\n\tat org.junit.runners.ParentRunner$1.schedule(ParentRunner.java:71)\r\n\tat org.junit.runners.ParentRunner.runChildren(ParentRunner.java:288)\r\n\tat org.junit.runners.ParentRunner.access$000(ParentRunner.java:58)\r\n\tat org.junit.runners.ParentRunner$2.evaluate(ParentRunner.java:268)\r\n\tat io.cucumber.junit.Cucumber$RunCucumber.evaluate(Cucumber.java:174)\r\n\tat org.junit.internal.runners.statements.RunAfters.evaluate(RunAfters.java:27)\r\n\tat org.junit.runners.ParentRunner.run(ParentRunner.java:363)\r\n\tat org.eclipse.jdt.internal.junit4.runner.JUnit4TestReference.run(JUnit4TestReference.java:86)\r\n\tat org.eclipse.jdt.internal.junit.runner.TestExecution.run(TestExecution.java:38)\r\n\tat org.eclipse.jdt.internal.junit.runner.RemoteTestRunner.runTests(RemoteTestRunner.java:538)\r\n\tat org.eclipse.jdt.internal.junit.runner.RemoteTestRunner.runTests(RemoteTestRunner.java:760)\r\n\tat org.eclipse.jdt.internal.junit.runner.RemoteTestRunner.run(RemoteTestRunner.java:460)\r\n\tat org.eclipse.jdt.internal.junit.runner.RemoteTestRunner.main(RemoteTestRunner.java:206)\r\n",
              "duration": 759200,
              "status": "failed"
            },
            "match": {
              "location": "HooksClass.afterScenario(Scenario)"
            }
          }
        ],
        "type": "scenario",
        "keyword": "Scenario",
        "steps": [
          {
            "result": {
              "duration": 21355663500,
              "status": "passed"
            },
            "line": 5,
            "name": "The user should be in bigw register page",
            "match": {
              "location": "RegisterSteps.the_user_should_be_in_bigw_register_page()"
            },
            "keyword": "Given "
          },
          {
            "result": {
              "duration": 3156395400,
              "status": "passed"
            },
            "line": 6,
            "name": "The user click the create new account button",
            "match": {
              "location": "RegisterSteps.the_user_click_the_create_new_account_button()"
            },
            "keyword": "When "
          },
          {
            "result": {
              "duration": 1411606400,
              "status": "passed"
            },
            "line": 7,
            "name": "The user has to fill the required details",
            "match": {
              "location": "RegisterSteps.the_user_has_to_fill_the_required_details(DataTable)"
            },
            "rows": [
              {
                "cells": [
                  "suganya.iniya23@gmail.com",
                  "9677747233"
                ]
              }
            ],
            "keyword": "And "
          },
          {
            "result": {
              "duration": 717072000,
              "status": "passed"
            },
            "line": 9,
            "name": "The user has to click the \"create my account\" button",
            "match": {
              "arguments": [
                {
                  "val": "\"create my account\"",
                  "offset": 26
                }
              ],
              "location": "RegisterSteps.the_user_has_to_click_the_button(String)"
            },
            "keyword": "And "
          },
          {
            "result": {
              "duration": 1589044000,
              "status": "passed"
            },
            "line": 10,
            "name": "The user should navigate to the user profile page",
            "match": {
              "location": "RegisterSteps.the_user_should_navigate_to_the_user_profile_page()"
            },
            "keyword": "Then "
          }
        ],
        "tags": [
          {
            "name": "@regression"
          }
        ]
      },
      {
        "start_timestamp": "2024-02-02T10:38:09.068Z",
        "line": 13,
        "name": "Valid_register- To validate the registration functionality of the application",
        "description": "",
        "id": "to-validate-the-register-functionality;valid-register--to-validate-the-registration-functionality-of-the-application",
        "after": [
          {
            "result": {
              "error_message": "org.openqa.selenium.NoSuchSessionException: Session ID is null. Using WebDriver after calling quit()?\nBuild info: version: \u00273.141.59\u0027, revision: \u0027e82be7d358\u0027, time: \u00272018-11-14T08:17:03\u0027\nSystem info: host: \u0027DESKTOP-V1TVAK6\u0027, ip: \u0027192.168.0.147\u0027, os.name: \u0027Windows 10\u0027, os.arch: \u0027amd64\u0027, os.version: \u002710.0\u0027, java.version: \u00271.8.0_361\u0027\nDriver info: driver.version: RemoteWebDriver\r\n\tat org.openqa.selenium.remote.HttpCommandExecutor.execute(HttpCommandExecutor.java:125)\r\n\tat org.openqa.selenium.remote.service.DriverCommandExecutor.execute(DriverCommandExecutor.java:83)\r\n\tat org.openqa.selenium.remote.RemoteWebDriver.execute(RemoteWebDriver.java:552)\r\n\tat org.openqa.selenium.remote.RemoteWebDriver.execute(RemoteWebDriver.java:609)\r\n\tat org.openqa.selenium.remote.RemoteWebDriver.close(RemoteWebDriver.java:442)\r\n\tat org.base.BaseClass.closeBrowser(BaseClass.java:142)\r\n\tat org.stepdefinition.HooksClass.afterScenario(HooksClass.java:28)\r\n\tat sun.reflect.NativeMethodAccessorImpl.invoke0(Native Method)\r\n\tat sun.reflect.NativeMethodAccessorImpl.invoke(NativeMethodAccessorImpl.java:62)\r\n\tat sun.reflect.DelegatingMethodAccessorImpl.invoke(DelegatingMethodAccessorImpl.java:43)\r\n\tat java.lang.reflect.Method.invoke(Method.java:498)\r\n\tat cucumber.runtime.Utils$1.call(Utils.java:26)\r\n\tat cucumber.runtime.Timeout.timeout(Timeout.java:16)\r\n\tat cucumber.runtime.Utils.invoke(Utils.java:20)\r\n\tat cucumber.runtime.java.JavaHookDefinition.execute(JavaHookDefinition.java:65)\r\n\tat cucumber.runner.HookDefinitionMatch.runStep(HookDefinitionMatch.java:16)\r\n\tat cucumber.runner.TestStep.executeStep(TestStep.java:65)\r\n\tat cucumber.runner.TestStep.run(TestStep.java:50)\r\n\tat cucumber.runner.TestCase.run(TestCase.java:50)\r\n\tat cucumber.runner.Runner.runPickle(Runner.java:50)\r\n\tat io.cucumber.junit.PickleRunners$NoStepDescriptions.run(PickleRunners.java:146)\r\n\tat io.cucumber.junit.FeatureRunner.runChild(FeatureRunner.java:68)\r\n\tat io.cucumber.junit.FeatureRunner.runChild(FeatureRunner.java:23)\r\n\tat org.junit.runners.ParentRunner$3.run(ParentRunner.java:290)\r\n\tat org.junit.runners.ParentRunner$1.schedule(ParentRunner.java:71)\r\n\tat org.junit.runners.ParentRunner.runChildren(ParentRunner.java:288)\r\n\tat org.junit.runners.ParentRunner.access$000(ParentRunner.java:58)\r\n\tat org.junit.runners.ParentRunner$2.evaluate(ParentRunner.java:268)\r\n\tat org.junit.runners.ParentRunner.run(ParentRunner.java:363)\r\n\tat io.cucumber.junit.Cucumber.runChild(Cucumber.java:144)\r\n\tat io.cucumber.junit.Cucumber.runChild(Cucumber.java:65)\r\n\tat org.junit.runners.ParentRunner$3.run(ParentRunner.java:290)\r\n\tat org.junit.runners.ParentRunner$1.schedule(ParentRunner.java:71)\r\n\tat org.junit.runners.ParentRunner.runChildren(ParentRunner.java:288)\r\n\tat org.junit.runners.ParentRunner.access$000(ParentRunner.java:58)\r\n\tat org.junit.runners.ParentRunner$2.evaluate(ParentRunner.java:268)\r\n\tat io.cucumber.junit.Cucumber$RunCucumber.evaluate(Cucumber.java:174)\r\n\tat org.junit.internal.runners.statements.RunAfters.evaluate(RunAfters.java:27)\r\n\tat org.junit.runners.ParentRunner.run(ParentRunner.java:363)\r\n\tat org.eclipse.jdt.internal.junit4.runner.JUnit4TestReference.run(JUnit4TestReference.java:86)\r\n\tat org.eclipse.jdt.internal.junit.runner.TestExecution.run(TestExecution.java:38)\r\n\tat org.eclipse.jdt.internal.junit.runner.RemoteTestRunner.runTests(RemoteTestRunner.java:538)\r\n\tat org.eclipse.jdt.internal.junit.runner.RemoteTestRunner.runTests(RemoteTestRunner.java:760)\r\n\tat org.eclipse.jdt.internal.junit.runner.RemoteTestRunner.run(RemoteTestRunner.java:460)\r\n\tat org.eclipse.jdt.internal.junit.runner.RemoteTestRunner.main(RemoteTestRunner.java:206)\r\n",
              "duration": 2710700,
              "status": "failed"
            },
            "match": {
              "location": "HooksClass.afterScenario(Scenario)"
            }
          }
        ],
        "type": "scenario",
        "keyword": "Scenario",
        "steps": [
          {
            "result": {
              "duration": 23046791700,
              "status": "passed"
            },
            "line": 14,
            "name": "The user should be in bigw register page",
            "match": {
              "location": "RegisterSteps.the_user_should_be_in_bigw_register_page()"
            },
            "keyword": "Given "
          },
          {
            "result": {
              "duration": 1315742600,
              "status": "passed"
            },
            "line": 15,
            "name": "The user click the create new account button",
            "match": {
              "location": "RegisterSteps.the_user_click_the_create_new_account_button()"
            },
            "keyword": "When "
          },
          {
            "result": {
              "duration": 2680372200,
              "status": "passed"
            },
            "line": 16,
            "name": "The user has to fill the required details",
            "match": {
              "location": "RegisterSteps.the_user_has_to_fill_the_required_details(DataTable)"
            },
            "rows": [
              {
                "cells": [
                  "suganyaraju@gmail.com",
                  "9875342693"
                ]
              }
            ],
            "keyword": "And "
          },
          {
            "result": {
              "duration": 279573100,
              "status": "passed"
            },
            "line": 18,
            "name": "The user has to click the \"create my account\" button",
            "match": {
              "arguments": [
                {
                  "val": "\"create my account\"",
                  "offset": 26
                }
              ],
              "location": "RegisterSteps.the_user_has_to_click_the_button(String)"
            },
            "keyword": "And "
          },
          {
            "result": {
              "duration": 1441747500,
              "status": "passed"
            },
            "line": 19,
            "name": "The user should navigate to the user profile page",
            "match": {
              "location": "RegisterSteps.the_user_should_navigate_to_the_user_profile_page()"
            },
            "keyword": "Then "
          }
        ],
        "tags": [
          {
            "name": "@retest"
          }
        ]
      }
    ],
    "name": "To validate the register functionality",
    "description": "",
    "id": "to-validate-the-register-functionality",
    "keyword": "Feature",
    "uri": "file:src/test/resources/feature/register.feature",
    "tags": []
  }
]